#
# A fatal error has been detected by the Java Runtime Environment:
#
#  EXCEPTION_ACCESS_VIOLATION (0xc0000005) at pc=0x671cdd39, pid=1632, tid=4736
#
# JRE version: Java(TM) SE Runtime Environment (7.0_71-b14) (build 1.7.0_71-b14)
# Java VM: Java HotSpot(TM) Client VM (24.71-b01 mixed mode windows-x86 )
# Problematic frame:
# C  0x671cdd39
#
# Failed to write core dump. Minidumps are not enabled by default on client versions of Windows
#
# If you would like to submit a bug report, please visit:
#   http://bugreport.sun.com/bugreport/crash.jsp
#

---------------  T H R E A D  ---------------

Current thread (0x294d3000):  VMThread [stack: 0x295b0000,0x296b0000] [id=4736]

siginfo: ExceptionCode=0xc0000005, reading address 0x00000058

Registers:
EAX=0x294d3130, EBX=0x67228678, ECX=0x00000000, EDX=0x294cf614
ESP=0x296af75c, EBP=0x296af774, ESI=0x34080f04, EDI=0x33e87774
EIP=0x671cdd39, EFLAGS=0x00010206

Top of Stack: (sp=0x296af75c)
0x296af75c:   294d3130 294cf614 33e87774 34080eb8
0x296af76c:   294d3130 013ae145 296af784 671ce190
0x296af77c:   33e87774 3408af40 296af7a0 671cddcc
0x296af78c:   00000001 671f7e17 33e87760 671f7492
0x296af79c:   00000000 296af7c0 52d38e54 3408af44
0x296af7ac:   33e94180 33e94180 52d72300 34088ad4
0x296af7bc:   33f41e80 296af7cc 52d72adb 33f58d80
0x296af7cc:   296af7e8 52d787e8 00000001 52d39756 

Instructions: (pc=0x671cdd39)
0x671cdd19:   00 00 c6 45 ff 00 e8 dc 55 ff ff 83 c4 08 85 c0
0x671cdd29:   75 1f 8b 45 f8 85 c0 74 18 8b 56 bc 8b 08 52 50
0x671cdd39:   8b 41 58 ff d0 8d 4d ff 51 e8 09 56 ff ff 83 c4
0x671cdd49:   04 8d 4e e0 e8 1e 08 02 00 8b 46 d4 8b 08 50 51 


Register to memory mapping:

EAX=
[error occurred during error reporting (printing register info), id 0xc0000005]

Stack: [0x295b0000,0x296b0000],  sp=0x296af75c,  free space=1021k
Native frames: (J=compiled Java code, j=interpreted, Vv=VM code, C=native code)
C  0x671cdd39
C  0x671ce190
C  0x671cddcc
C  0x52d38e54
C  0x52d72adb
C  0x52d787e8
C  0x671f5e16
C  0x671e7813
C  0x6721622b
C  0x6720825a
C  0x6720832d
C  0x67204c86
C  0x67204cf1
C  [ntdll.dll+0x58824]
C  [ntdll.dll+0x5df4a]
C  [ntdll.dll+0x5dfe5]
C  [kernel32.dll+0x5bdf7]
C  [MSVCR100.dll+0x27997]
C  [MSVCR100.dll+0x27ab0]
C  [MSVCR100.dll+0x27b1d]
V  [jvm.dll+0x140952]
V  [jvm.dll+0x16909d]
V  [jvm.dll+0x1684b1]
V  [jvm.dll+0x1688c7]
V  [jvm.dll+0x168ac2]
V  [jvm.dll+0x1a80f9]
C  [MSVCR100.dll+0x5c556]
C  [MSVCR100.dll+0x5c600]
C  [kernel32.dll+0x4ef1c]
C  [ntdll.dll+0x63648]
C  [ntdll.dll+0x6361b]

VM_Operation (0x0012fac0): Exit, mode: safepoint, requested by thread 0x01bfbc00


---------------  P R O C E S S  ---------------

Java Threads: ( => current thread )
  0x2d7cbc00 JavaThread "Thread-31" daemon [_thread_in_native, id=4124, stack(0x36520000,0x36620000)]
  0x2d7cb800 JavaThread "Thread-29" daemon [_thread_in_native, id=6136, stack(0x35240000,0x35340000)]
  0x2d7cac00 JavaThread "TimerQueue" daemon [_thread_blocked, id=3116, stack(0x36c20000,0x36d20000)]
  0x2d7ca400 JavaThread "AWT-EventQueue-0" [_thread_blocked, id=4256, stack(0x33980000,0x33a80000)]
  0x2cfb8c00 JavaThread "AWT-Shutdown" [_thread_blocked, id=1616, stack(0x33780000,0x33880000)]
  0x2cfb8800 JavaThread "Java2D Disposer" daemon [_thread_blocked, id=5956, stack(0x334a0000,0x335a0000)]
  0x2cfb5c00 JavaThread "Pool C:\Users\D203C-01\AppData\Roaming\CooCox\CoIDE\repo\CODB_SIMPLIFY.FDB idleRemover" daemon [_thread_blocked, id=3060, stack(0x32710000,0x32810000)]
  0x29513400 JavaThread "Service Thread" daemon [_thread_blocked, id=3000, stack(0x29cb0000,0x29db0000)]
  0x2950cc00 JavaThread "C1 CompilerThread0" daemon [_thread_blocked, id=5944, stack(0x29bb0000,0x29cb0000)]
  0x2950c400 JavaThread "Attach Listener" daemon [_thread_blocked, id=4836, stack(0x29ab0000,0x29bb0000)]
  0x2950b800 JavaThread "Signal Dispatcher" daemon [_thread_blocked, id=5256, stack(0x299b0000,0x29ab0000)]
  0x29509000 JavaThread "Surrogate Locker Thread (Concurrent GC)" daemon [_thread_blocked, id=2692, stack(0x298b0000,0x299b0000)]
  0x294d9400 JavaThread "Finalizer" daemon [_thread_blocked, id=1084, stack(0x297b0000,0x298b0000)]
  0x294d4c00 JavaThread "Reference Handler" daemon [_thread_blocked, id=1420, stack(0x296b0000,0x297b0000)]
  0x01bfbc00 JavaThread "main" [_thread_blocked, id=4544, stack(0x00030000,0x00130000)]

Other Threads:
=>0x294d3000 VMThread [stack: 0x295b0000,0x296b0000] [id=4736]

VM state:at safepoint (shutting down)

VM Mutex/Monitor currently owned by a thread:  ([mutex/lock_event])
[0x01bf9f50] Threads_lock - owner thread: 0x294d3000

Heap
 par new generation   total 18432K, used 7030K [0x04200000, 0x05600000, 0x0eca0000)
  eden space 16384K,  37% used [0x04200000, 0x047f2700, 0x05200000)
  from space 2048K,  45% used [0x05200000, 0x052eb4c8, 0x05400000)
  to   space 2048K,   0% used [0x05400000, 0x05400000, 0x05600000)
 concurrent mark-sweep generation total 48820K, used 43739K [0x0eca0000, 0x11c4d000, 0x24200000)
 concurrent-mark-sweep perm gen total 62632K, used 43291K [0x24200000, 0x27f2a000, 0x28200000)

Card table byte_map: [0x040c0000,0x041f0000] byte_map_base: 0x0409f000

Polling page: 0x00320000

Code Cache  [0x01cc0000, 0x023b8000, 0x03cc0000)
 total_blobs=3744 nmethods=3482 adapters=195 free_code_cache=25665Kb largest_free_block=26276096

Compilation events (10 events):
Event: 111.888 Thread 0x2950cc00 3541  s          org.eclipse.osgi.framework.eventmgr.ListenerQueue::queueListeners (37 bytes)
Event: 111.889 Thread 0x2950cc00 nmethod 3541 0x023ae708 code [0x023ae830, 0x023aeab4]
Event: 111.892 Thread 0x2950cc00 3542             org.eclipse.osgi.framework.eventmgr.CopyOnWriteIdentityMap$Snapshot$EntrySet::size (9 bytes)
Event: 111.893 Thread 0x2950cc00 nmethod 3542 0x023aebc8 code [0x023aecc0, 0x023aed50]
Event: 111.893 Thread 0x2950cc00 3543             org.eclipse.osgi.internal.serviceregistry.ShrinkableCollection::initComposite (157 bytes)
Event: 111.894 Thread 0x2950cc00 nmethod 3543 0x023aedc8 code [0x023aefb0, 0x023af2dc]
Event: 111.894 Thread 0x2950cc00 3544             java.util.HashMap$KeySet::size (8 bytes)
Event: 111.894 Thread 0x2950cc00 nmethod 3544 0x023af648 code [0x023af740, 0x023af7d0]
Event: 111.918 Thread 0x2950cc00 3545   !         org.eclipse.osgi.internal.serviceregistry.ServiceRegistry::publishServiceEventPrivileged (256 bytes)
Event: 111.920 Thread 0x2950cc00 nmethod 3545 0x023af848 code [0x023afad0, 0x023b0434]

GC Heap History (10 events):
Event: 27.000 GC heap before
{Heap before GC invocations=33 (full 7):
 par new generation   total 18432K, used 18394K [0x04200000, 0x05600000, 0x0eca0000)
  eden space 16384K, 100% used [0x04200000, 0x05200000, 0x05200000)
  from space 2048K,  98% used [0x05400000, 0x055f6900, 0x05600000)
  to   space 2048K,   0% used [0x05200000, 0x05200000, 0x05400000)
 concurrent mark-sweep generation total 48820K, used 38692K [0x0eca0000, 0x11c4d000, 0x24200000)
 concurrent-mark-sweep perm gen total 62632K, used 39514K [0x24200000, 0x27f2a000, 0x28200000)
Event: 27.009 GC heap after
Heap after GC invocations=34 (full 7):
 par new generation   total 18432K, used 2048K [0x04200000, 0x05600000, 0x0eca0000)
  eden space 16384K,   0% used [0x04200000, 0x04200000, 0x05200000)
  from space 2048K, 100% used [0x05200000, 0x05400000, 0x05400000)
  to   space 2048K,   0% used [0x05400000, 0x05400000, 0x05600000)
 concurrent mark-sweep generation total 48820K, used 39440K [0x0eca0000, 0x11c4d000, 0x24200000)
 concurrent-mark-sweep perm gen total 62632K, used 39514K [0x24200000, 0x27f2a000, 0x28200000)
}
Event: 48.714 GC heap before
{Heap before GC invocations=34 (full 7):
 par new generation   total 18432K, used 18122K [0x04200000, 0x05600000, 0x0eca0000)
  eden space 16384K,  98% used [0x04200000, 0x051b2810, 0x05200000)
  from space 2048K, 100% used [0x05200000, 0x05400000, 0x05400000)
  to   space 2048K,   0% used [0x05400000, 0x05400000, 0x05600000)
 concurrent mark-sweep generation total 48820K, used 39440K [0x0eca0000, 0x11c4d000, 0x24200000)
 concurrent-mark-sweep perm gen total 62632K, used 42148K [0x24200000, 0x27f2a000, 0x28200000)
Event: 48.725 GC heap after
Heap after GC invocations=35 (full 7):
 par new generation   total 18432K, used 2048K [0x04200000, 0x05600000, 0x0eca0000)
  eden space 16384K,   0% used [0x04200000, 0x04200000, 0x05200000)
  from space 2048K, 100% used [0x05400000, 0x05600000, 0x05600000)
  to   space 2048K,   0% used [0x05200000, 0x05200000, 0x05400000)
 concurrent mark-sweep generation total 48820K, used 41542K [0x0eca0000, 0x11c4d000, 0x24200000)
 concurrent-mark-sweep perm gen total 62632K, used 42148K [0x24200000, 0x27f2a000, 0x28200000)
}
Event: 66.086 GC heap before
{Heap before GC invocations=35 (full 7):
 par new generation   total 18432K, used 18432K [0x04200000, 0x05600000, 0x0eca0000)
  eden space 16384K, 100% used [0x04200000, 0x05200000, 0x05200000)
  from space 2048K, 100% used [0x05400000, 0x05600000, 0x05600000)
  to   space 2048K,   0% used [0x05200000, 0x05200000, 0x05400000)
 concurrent mark-sweep generation total 48820K, used 41542K [0x0eca0000, 0x11c4d000, 0x24200000)
 concurrent-mark-sweep perm gen total 62632K, used 42653K [0x24200000, 0x27f2a000, 0x28200000)
Event: 66.092 GC heap after
Heap after GC invocations=36 (full 7):
 par new generation   total 18432K, used 1471K [0x04200000, 0x05600000, 0x0eca0000)
  eden space 16384K,   0% used [0x04200000, 0x04200000, 0x05200000)
  from space 2048K,  71% used [0x05200000, 0x0536fe38, 0x05400000)
  to   space 2048K,   0% used [0x05400000, 0x05400000, 0x05600000)
 concurrent mark-sweep generation total 48820K, used 43157K [0x0eca0000, 0x11c4d000, 0x24200000)
 concurrent-mark-sweep perm gen total 62632K, used 42653K [0x24200000, 0x27f2a000, 0x28200000)
}
Event: 97.606 GC heap before
{Heap before GC invocations=36 (full 7):
 par new generation   total 18432K, used 17855K [0x04200000, 0x05600000, 0x0eca0000)
  eden space 16384K, 100% used [0x04200000, 0x05200000, 0x05200000)
  from space 2048K,  71% used [0x05200000, 0x0536fe38, 0x05400000)
  to   space 2048K,   0% used [0x05400000, 0x05400000, 0x05600000)
 concurrent mark-sweep generation total 48820K, used 43157K [0x0eca0000, 0x11c4d000, 0x24200000)
 concurrent-mark-sweep perm gen total 62632K, used 42653K [0x24200000, 0x27f2a000, 0x28200000)
Event: 97.611 GC heap after
Heap after GC invocations=37 (full 7):
 par new generation   total 18432K, used 854K [0x04200000, 0x05600000, 0x0eca0000)
  eden space 16384K,   0% used [0x04200000, 0x04200000, 0x05200000)
  from space 2048K,  41% used [0x05400000, 0x054d58d8, 0x05600000)
  to   space 2048K,   0% used [0x05200000, 0x05200000, 0x05400000)
 concurrent mark-sweep generation total 48820K, used 43739K [0x0eca0000, 0x11c4d000, 0x24200000)
 concurrent-mark-sweep perm gen total 62632K, used 42653K [0x24200000, 0x27f2a000, 0x28200000)
}
Event: 110.706 GC heap before
{Heap before GC invocations=37 (full 7):
 par new generation   total 18432K, used 17238K [0x04200000, 0x05600000, 0x0eca0000)
  eden space 16384K, 100% used [0x04200000, 0x05200000, 0x05200000)
  from space 2048K,  41% used [0x05400000, 0x054d58d8, 0x05600000)
  to   space 2048K,   0% used [0x05200000, 0x05200000, 0x05400000)
 concurrent mark-sweep generation total 48820K, used 43739K [0x0eca0000, 0x11c4d000, 0x24200000)
 concurrent-mark-sweep perm gen total 62632K, used 42831K [0x24200000, 0x27f2a000, 0x28200000)
Event: 110.710 GC heap after
Heap after GC invocations=38 (full 7):
 par new generation   total 18432K, used 941K [0x04200000, 0x05600000, 0x0eca0000)
  eden space 16384K,   0% used [0x04200000, 0x04200000, 0x05200000)
  from space 2048K,  45% used [0x05200000, 0x052eb4c8, 0x05400000)
  to   space 2048K,   0% used [0x05400000, 0x05400000, 0x05600000)
 concurrent mark-sweep generation total 48820K, used 43739K [0x0eca0000, 0x11c4d000, 0x24200000)
 concurrent-mark-sweep perm gen total 62632K, used 42831K [0x24200000, 0x27f2a000, 0x28200000)
}

Deoptimization events (0 events):
No events

Internal exceptions (10 events):
Event: 111.905 Thread 0x01bfbc00 Threw 0x04711168 at C:\re\jdk7u71\1605\hotspot\src\share\vm\prims\jvm.cpp:1281
Event: 111.906 Thread 0x01bfbc00 Threw 0x047153f8 at C:\re\jdk7u71\1605\hotspot\src\share\vm\prims\jvm.cpp:1281
Event: 111.912 Thread 0x01bfbc00 Threw 0x04728af0 at C:\re\jdk7u71\1605\hotspot\src\share\vm\prims\jvm.cpp:1281
Event: 111.913 Thread 0x01bfbc00 Threw 0x0472cde0 at C:\re\jdk7u71\1605\hotspot\src\share\vm\prims\jvm.cpp:1281
Event: 111.914 Thread 0x01bfbc00 Threw 0x04731920 at C:\re\jdk7u71\1605\hotspot\src\share\vm\prims\jvm.cpp:1281
Event: 111.916 Thread 0x01bfbc00 Threw 0x0473dbf8 at C:\re\jdk7u71\1605\hotspot\src\share\vm\prims\jvm.cpp:1281
Event: 111.918 Thread 0x29f60400 Threw 0x0475e308 at C:\re\jdk7u71\1605\hotspot\src\share\vm\prims\jvm.cpp:3002
Event: 111.922 Thread 0x2cfb8000 Threw 0x042d5ab0 at C:\re\jdk7u71\1605\hotspot\src\share\vm\runtime\objectMonitor.cpp:1652
Event: 111.929 Thread 0x29fcb800 Threw 0x04787238 at C:\re\jdk7u71\1605\hotspot\src\share\vm\runtime\objectMonitor.cpp:1652
Event: 112.011 Thread 0x2a012400 Threw 0x04718540 at C:\re\jdk7u71\1605\hotspot\src\share\vm\runtime\objectMonitor.cpp:1652

Events (10 events):
Event: 112.011 Thread 0x2a012400 Thread exited: 0x2a012400
Event: 112.011 loading class 0x2957c7f8
Event: 112.012 loading class 0x2957c7f8 done
Event: 112.012 Thread 0x29f8d400 Thread exited: 0x29f8d400
Event: 112.012 Thread 0x2cfb8000 Thread added: 0x2cfb8000
Event: 112.012 Thread 0x2cfb6c00 Thread added: 0x2cfb6c00
Event: 112.013 Thread 0x2cfb6c00 Thread exited: 0x2cfb6c00
Event: 112.014 Thread 0x2d7ca000 Thread exited: 0x2d7ca000
Event: 112.112 Thread 0x2cfb8000 Thread exited: 0x2cfb8000
Event: 112.114 Executing VM operation: Exit


Dynamic libraries:
0x00400000 - 0x0040d000 	C:\Program Files\CoIDE_V2Beta\CoIDE.exe
0x77390000 - 0x774d2000 	C:\Windows\SYSTEM32\ntdll.dll
0x77170000 - 0x77245000 	C:\Windows\system32\kernel32.dll
0x75380000 - 0x753cb000 	C:\Windows\system32\KERNELBASE.dll
0x77510000 - 0x775d9000 	C:\Windows\system32\USER32.dll
0x76ed0000 - 0x76f1e000 	C:\Windows\system32\GDI32.dll
0x76e60000 - 0x76e6a000 	C:\Windows\system32\LPK.dll
0x76d80000 - 0x76e1d000 	C:\Windows\system32\USP10.dll
0x75a70000 - 0x75b1c000 	C:\Windows\system32\msvcrt.dll
0x6de10000 - 0x6de94000 	C:\Windows\WinSxS\x86_microsoft.windows.common-controls_6595b64144ccf1df_5.82.7601.18837_none_ec86b8d6858ec0bc\COMCTL32.dll
0x772e0000 - 0x77381000 	C:\Windows\system32\ADVAPI32.dll
0x75850000 - 0x75869000 	C:\Windows\SYSTEM32\sechost.dll
0x75640000 - 0x756e2000 	C:\Windows\system32\RPCRT4.dll
0x759d0000 - 0x759ef000 	C:\Windows\system32\IMM32.DLL
0x75ec0000 - 0x75f8c000 	C:\Windows\system32\MSCTF.dll
0x75260000 - 0x752a6000 	C:\PROGRA~1\Sophos\SOPHOS~1\SOPHOS~1.DLL
0x75eb0000 - 0x75eb5000 	C:\Windows\system32\PSAPI.DLL
0x72000000 - 0x7200d000 	C:\Program Files\CoIDE_V2Beta\plugins\org.eclipse.equinox.launcher.win32.win32.x86_1.1.100.v20110502\eclipse_1406.dll
0x747d0000 - 0x747d9000 	C:\Windows\system32\VERSION.dll
0x5bb30000 - 0x5beb9000 	C:\Program Files\CoIDE_V2Beta\jre\bin\client\jvm.dll
0x6c930000 - 0x6c937000 	C:\Windows\system32\WSOCK32.dll
0x76e20000 - 0x76e55000 	C:\Windows\system32\WS2_32.dll
0x75d60000 - 0x75d66000 	C:\Windows\system32\NSI.dll
0x72140000 - 0x72172000 	C:\Windows\system32\WINMM.dll
0x67890000 - 0x6794f000 	C:\Windows\system32\MSVCR100.dll
0x70fb0000 - 0x70fbc000 	C:\Program Files\CoIDE_V2Beta\jre\bin\verify.dll
0x70ef0000 - 0x70f10000 	C:\Program Files\CoIDE_V2Beta\jre\bin\java.dll
0x70f30000 - 0x70f43000 	C:\Program Files\CoIDE_V2Beta\jre\bin\zip.dll
0x74cd0000 - 0x74ce7000 	C:\Windows\system32\CRYPTSP.dll
0x74a70000 - 0x74aab000 	C:\Windows\system32\rsaenh.dll
0x754c0000 - 0x754d7000 	C:\Windows\system32\USERENV.dll
0x75320000 - 0x7532b000 	C:\Windows\system32\profapi.dll
0x751b0000 - 0x751bc000 	C:\Windows\system32\CRYPTBASE.dll
0x706e0000 - 0x706f4000 	C:\Program Files\CoIDE_V2Beta\jre\bin\net.dll
0x747e0000 - 0x74802000 	C:\ProgramData\Sophos\Web Intelligence\swi_ifslsp.dll
0x74c90000 - 0x74ccc000 	C:\Windows\system32\mswsock.dll
0x74c80000 - 0x74c86000 	C:\Windows\System32\wship6.dll
0x741a0000 - 0x741bc000 	C:\Windows\system32\IPHLPAPI.DLL
0x74190000 - 0x74197000 	C:\Windows\system32\WINNSI.DLL
0x707f0000 - 0x707fd000 	C:\Windows\system32\dhcpcsvc6.DLL
0x707d0000 - 0x707e2000 	C:\Windows\system32\dhcpcsvc.DLL
0x70fa0000 - 0x70faf000 	C:\Program Files\CoIDE_V2Beta\jre\bin\nio.dll
0x73f90000 - 0x73fd0000 	C:\Windows\system32\uxtheme.dll
0x6b390000 - 0x6b50b000 	C:\Program Files\360\Total Security\safemon\safemon.dll
0x76130000 - 0x76d7b000 	C:\Windows\system32\SHELL32.dll
0x76e70000 - 0x76ec7000 	C:\Windows\system32\SHLWAPI.dll
0x756f0000 - 0x7584d000 	C:\Windows\system32\ole32.dll
0x77250000 - 0x772df000 	C:\Windows\system32\OLEAUT32.dll
0x73b20000 - 0x73b31000 	C:\Windows\system32\NETAPI32.dll
0x73b10000 - 0x73b19000 	C:\Windows\system32\netutils.dll
0x74ee0000 - 0x74ef9000 	C:\Windows\system32\srvcli.dll
0x73b00000 - 0x73b0f000 	C:\Windows\system32\wkscli.dll
0x73af0000 - 0x73b00000 	C:\Windows\system32\NLAapi.dll
0x6ded0000 - 0x6dee0000 	C:\Windows\system32\napinsp.dll
0x6deb0000 - 0x6dec2000 	C:\Windows\system32\pnrpnsp.dll
0x74b50000 - 0x74b94000 	C:\Windows\system32\DNSAPI.dll
0x6dea0000 - 0x6dea8000 	C:\Windows\System32\winrnr.dll
0x747b0000 - 0x747b5000 	C:\Windows\System32\wshtcpip.dll
0x6dee0000 - 0x6dee6000 	C:\Windows\system32\rasadhlp.dll
0x6fa70000 - 0x6faa8000 	C:\Windows\System32\fwpuclnt.dll
0x2a530000 - 0x2a59e000 	C:\Program Files\CoIDE_V2Beta\configuration\org.eclipse.osgi\bundles\111\1\.cp\swt-win32-3740.dll
0x759f0000 - 0x75a6b000 	C:\Windows\system32\comdlg32.dll
0x741c0000 - 0x7435e000 	C:\Windows\WinSxS\x86_microsoft.windows.common-controls_6595b64144ccf1df_6.0.7601.18837_none_41e855142bd5705d\COMCTL32.dll
0x720e0000 - 0x72131000 	C:\Windows\system32\WINSPOOL.DRV
0x76f20000 - 0x77170000 	C:\Windows\system32\WININET.dll
0x75330000 - 0x75334000 	C:\Windows\system32\api-ms-win-downlevel-user32-l1-1-0.dll
0x75340000 - 0x75344000 	C:\Windows\system32\api-ms-win-downlevel-shlwapi-l1-1-0.dll
0x754e0000 - 0x754e4000 	C:\Windows\system32\api-ms-win-downlevel-version-l1-1-0.dll
0x754f0000 - 0x754f3000 	C:\Windows\system32\api-ms-win-downlevel-normaliz-l1-1-0.dll
0x759c0000 - 0x759c3000 	C:\Windows\system32\normaliz.DLL
0x75b20000 - 0x75d54000 	C:\Windows\system32\iertutil.dll
0x75480000 - 0x75485000 	C:\Windows\system32\api-ms-win-downlevel-advapi32-l1-1-0.dll
0x75500000 - 0x75621000 	C:\Windows\system32\CRYPT32.dll
0x75310000 - 0x7531c000 	C:\Windows\system32\MSASN1.dll
0x739f0000 - 0x73a03000 	C:\Windows\system32\dwmapi.dll
0x73fd0000 - 0x740c5000 	C:\Windows\system32\propsys.dll
0x75dd0000 - 0x75e53000 	C:\Windows\system32\CLBCatQ.DLL
0x2a2d0000 - 0x2a2ed000 	C:\Program Files\CoIDE_V2Beta\configuration\org.eclipse.osgi\bundles\111\1\.cp\swt-gdip-win32-3740.dll
0x73d60000 - 0x73ef1000 	C:\Windows\WinSxS\x86_microsoft.windows.gdiplus_6595b64144ccf1df_1.1.7601.23508_none_5c028c09a01213b0\gdiplus.dll
0x73730000 - 0x73861000 	C:\Windows\system32\WindowsCodecs.dll
0x720a0000 - 0x720dc000 	C:\Windows\system32\oleacc.dll
0x751f0000 - 0x751fe000 	C:\Windows\system32\RpcRtRemote.dll
0x6e7a0000 - 0x6e7a5000 	C:\Windows\system32\msimg32.dll
0x75160000 - 0x751ac000 	C:\Windows\system32\apphelp.dll
0x688c0000 - 0x695f0000 	C:\Windows\System32\ieframe.dll
0x688b0000 - 0x688b4000 	C:\Windows\System32\api-ms-win-downlevel-shell32-l1-1-0.dll
0x74480000 - 0x74484000 	C:\Windows\system32\api-ms-win-downlevel-shlwapi-l2-1-0.dll
0x75870000 - 0x759bc000 	C:\Windows\system32\urlmon.dll
0x75630000 - 0x75634000 	C:\Windows\system32\api-ms-win-downlevel-ole32-l1-1-0.dll
0x75200000 - 0x7525f000 	C:\Windows\system32\SXS.DLL
0x564b0000 - 0x57920000 	C:\Windows\System32\mshtml.dll
0x6ee30000 - 0x6ee34000 	C:\Windows\system32\api-ms-win-downlevel-advapi32-l2-1-0.dll
0x75000000 - 0x75008000 	C:\Windows\system32\Secur32.dll
0x75140000 - 0x7515b000 	C:\Windows\system32\SSPICLI.DLL
0x705e0000 - 0x705eb000 	C:\Windows\system32\msimtf.dll
0x702b0000 - 0x702de000 	C:\Windows\system32\MLANG.dll
0x73f20000 - 0x73f59000 	C:\Windows\system32\MMDevAPI.DLL
0x71140000 - 0x71170000 	C:\Windows\system32\wdmaud.drv
0x73ca0000 - 0x73ca4000 	C:\Windows\system32\ksuser.dll
0x747c0000 - 0x747c7000 	C:\Windows\system32\AVRT.dll
0x75f90000 - 0x7612d000 	C:\Windows\system32\SETUPAPI.dll
0x75350000 - 0x75377000 	C:\Windows\system32\CFGMGR32.dll
0x75460000 - 0x75472000 	C:\Windows\system32\DEVOBJ.dll
0x71100000 - 0x71136000 	C:\Windows\system32\AUDIOSES.DLL
0x6e310000 - 0x6e36a000 	C:\Windows\System32\netprofm.dll
0x6c740000 - 0x6c748000 	C:\Windows\System32\npmproxy.dll
0x73640000 - 0x73648000 	C:\Windows\system32\msacm32.drv
0x710e0000 - 0x710f4000 	C:\Windows\system32\MSACM32.dll
0x73310000 - 0x73317000 	C:\Windows\system32\midimap.dll
0x67280000 - 0x6730c000 	C:\Windows\system32\uiautomationcore.dll
0x58890000 - 0x58cfd000 	C:\Windows\System32\jscript9.dll
0x74de0000 - 0x74df7000 	C:\Windows\system32\bcrypt.dll
0x749b0000 - 0x749ed000 	C:\Windows\system32\bcryptprimitives.dll
0x71590000 - 0x715c1000 	C:\Windows\system32\msls31.dll
0x5cba0000 - 0x5cee7000 	C:\Windows\system32\d2d1.dll
0x68750000 - 0x68886000 	C:\Windows\system32\DWrite.dll
0x73cc0000 - 0x73d0c000 	C:\Windows\system32\dxgi.dll
0x75490000 - 0x754bf000 	C:\Windows\system32\WINTRUST.dll
0x71c80000 - 0x71df5000 	C:\Windows\system32\d3d11.dll
0x73c70000 - 0x73c91000 	C:\Windows\system32\ntmarta.dll
0x75e60000 - 0x75ea5000 	C:\Windows\system32\WLDAP32.dll
0x739c0000 - 0x739ef000 	C:\Windows\system32\XmlLite.dll
0x67730000 - 0x67755000 	C:\Program Files\CoIDE_V2Beta\jre\bin\jaybird22.dll
0x31ad0000 - 0x31e7d000 	C:\Program Files\CoIDE_V2Beta\jre\bin\fbembed.dll
0x6dce0000 - 0x6dd7b000 	C:\Windows\WinSxS\x86_microsoft.vc80.crt_1fc8b3b9a1e18e3b_8.0.50727.4940_none_d08cc06a442b34fc\MSVCR80.dll
0x6f230000 - 0x6f242000 	C:\Windows\system32\MPR.dll
0x4a800000 - 0x4a8a8000 	C:\Program Files\CoIDE_V2Beta\jre\bin\icuuc30.dll
0x4ad00000 - 0x4ae7f000 	C:\Program Files\CoIDE_V2Beta\jre\bin\icudt30.dll

VM Arguments:
jvm_args: -Dosgi.parentClassloader=ext --launcher.XXMaxPermSize 256M -vmargs -Xms60m -Xmx512m -XX:+UseConcMarkSweepGC -XX:+CMSClassUnloadingEnabled 
java_command: <unknown>
Launcher Type: generic

Environment Variables:
PATH=C:/Program Files/CoIDE_V2Beta/jre/bin/client;C:/Program Files/CoIDE_V2Beta/jre/bin;C:/Program Files/CoIDE_V2Beta/jre/lib/i386;C:\ProgramData\Oracle\Java\javapath;C:\Windows\system32;C:\Windows;C:\Windows\System32\Wbem;C:\Windows\System32\WindowsPowerShell\v1.0\;C:\Program Files\CoIDE_V2Beta\gcc\bin;C:\Program Files\CoIDE_V2Beta\bin;C:\Program Files\Common Files\Acronis\SnapAPI\;C:\altera\13.1\quartus\bin;C:\Ruby22\bin;C:\MinGW\msys\1.0\bin;C:\MinGW\bin;C:\Program Files\STMicroelectronics\STM32 ST-LINK Utility\ST-LINK Utility;C:\Program Files\GNU Tools ARM Embedded\4.9 2015q1\bin;C:\Users\D203C-01\Desktop\PCB-Laser-Etcher;
USERNAME=D203C-01
OS=Windows_NT
PROCESSOR_IDENTIFIER=x86 Family 6 Model 15 Stepping 11, GenuineIntel



---------------  S Y S T E M  ---------------

OS: Windows 7 Build 7601 Service Pack 1

CPU:total 4 (4 cores per cpu, 1 threads per core) family 6 model 15 stepping 11, cmov, cx8, fxsr, mmx, sse, sse2, sse3, ssse3, tsc

Memory: 4k page, physical 2084704k(575956k free), swap 4169408k(1846456k free)

vm_info: Java HotSpot(TM) Client VM (24.71-b01) for windows-x86 JRE (1.7.0_71-b14), built on Sep 26 2014 16:30:49 by "java_re" with unknown MS VC++:1600

time: Wed Aug 17 14:53:09 2016
elapsed time: 113 seconds

